[19:35:09] [main/INFO] (FabricLoader/GameProvider) Loading Minecraft 1.19.2 with Fabric Loader 0.14.13
[19:35:09] [ForkJoinPool-1-worker-11/WARN] (FabricLoader/Metadata) Mod mtapack uses the version 0.7beta-1.19.2 which isn't compatible with Loader's extended semantic version format (Could not parse version number component '7beta'!), SemVer is recommended for reliably evaluating dependencies and prioritizing newer version
[19:35:09] [main/INFO] (FabricLoader) Loading 47 mods:
	- fabric-api 0.73.0+1.19.2
	- fabric-api-base 0.4.14+6e0787e690
	- fabric-api-lookup-api-v1 1.6.13+93d8cb8290
	- fabric-biome-api-v1 9.1.0+82db024a90
	- fabric-block-api-v1 1.0.2+e415d50e90
	- fabric-blockrenderlayer-v1 1.1.23+c6af733c90
	- fabric-client-tags-api-v1 1.0.4+b35fea8390
	- fabric-command-api-v2 2.2.0+413cbbc790
	- fabric-content-registries-v0 3.5.0+7c6cd14d90
	- fabric-convention-tags-v1 1.2.1+27265b3490
	- fabric-crash-report-info-v1 0.2.8+aeb40ebe90
	- fabric-data-generation-api-v1 5.3.6+413cbbc790
	- fabric-dimensions-v1 2.1.34+0d0f210290
	- fabric-entity-events-v1 1.5.3+9244241690
	- fabric-events-interaction-v0 0.4.33+562bff6e90
	- fabric-game-rule-api-v1 1.0.24+b6b6abb490
	- fabric-gametest-api-v1 1.1.6+4d0d570390
	- fabric-item-api-v1 1.6.4+693ffc0590
	- fabric-item-groups-v0 0.3.37+9244241690
	- fabric-key-binding-api-v1 1.0.25+5c4fce2890
	- fabric-lifecycle-events-v1 2.2.3+1b46dc7890
	- fabric-loot-api-v2 1.1.11+83a8659290
	- fabric-message-api-v1 5.0.6+93d8cb8290
	- fabric-mining-level-api-v1 2.1.22+33fbc73890
	- fabric-models-v0 0.3.20+c6af733c90
	- fabric-networking-api-v1 1.2.10+10eb22f490
	- fabric-object-builder-api-v1 4.2.0+d8ef690890
	- fabric-particles-v1 1.0.13+4d0d570390
	- fabric-recipe-api-v1 1.0.0+413cbbc790
	- fabric-registry-sync-v0 0.9.31+9244241690
	- fabric-renderer-api-v1 1.2.0+2e5408b590
	- fabric-renderer-indigo 0.7.0+2e5408b590
	- fabric-rendering-data-attachment-v1 0.3.18+6e0787e690
	- fabric-rendering-fluids-v1 3.0.10+4d0d570390
	- fabric-rendering-v1 1.12.0+d8ef690890
	- fabric-resource-conditions-api-v1 2.1.2+aae9039d90
	- fabric-resource-loader-v0 0.8.3+251d254a90
	- fabric-screen-api-v1 1.0.31+4d0d570390
	- fabric-screen-handler-api-v1 1.3.6+1cc24b1b90
	- fabric-sound-api-v1 1.0.2+c4f28df590
	- fabric-textures-v0 1.0.23+aeb40ebe90
	- fabric-transfer-api-v1 2.1.5+413cbbc790
	- fabric-transitive-access-wideners-v1 1.3.3+08b73de490
	- fabricloader 0.14.13
	- java 19
	- minecraft 1.19.2
	- mtapack 0.7beta-1.19.2
[19:35:10] [main/INFO] (FabricLoader/Mixin) SpongePowered MIXIN Subsystem Version=0.8.5 Source=file:/C:/Users/Corey/.gradle/caches/modules-2/files-2.1/net.fabricmc/sponge-mixin/0.11.4+mixin.0.8.5/c1dc27696aa4006e492c2485c9ccbcb26045a971/sponge-mixin-0.11.4+mixin.0.8.5.jar Service=Knot/Fabric Env=CLIENT
[19:35:10] [main/INFO] (FabricLoader/Mixin) Loaded Fabric development mappings for mixin remapper!
[19:35:10] [main/INFO] (FabricLoader/Mixin) Compatibility level set to JAVA_16
[19:35:10] [main/INFO] (FabricLoader/Mixin) Compatibility level set to JAVA_17
[19:35:14] [main/INFO] (Minecraft) Building optimized datafixer
[19:35:17] [Render thread/INFO] (Minecraft) [STDERR]: [LWJGL] [ThreadLocalUtil] Unsupported JNI version detected, this may result in a crash. Please inform LWJGL developers.
[19:35:17] [Render thread/INFO] (Minecraft) Environment: authHost='https://authserver.mojang.com', accountsHost='https://api.mojang.com', sessionHost='https://sessionserver.mojang.com', servicesHost='https://api.minecraftservices.com', name='PROD'
[19:35:18] [Render thread/ERROR] (Minecraft) Failed to verify authentication
com.mojang.authlib.exceptions.InvalidCredentialsException: Status: 401
	at com.mojang.authlib.exceptions.MinecraftClientHttpException.toAuthenticationException(MinecraftClientHttpException.java:56) ~[authlib-3.11.49.jar:?]
	at com.mojang.authlib.yggdrasil.YggdrasilUserApiService.fetchProperties(YggdrasilUserApiService.java:155) ~[authlib-3.11.49.jar:?]
	at com.mojang.authlib.yggdrasil.YggdrasilUserApiService.<init>(YggdrasilUserApiService.java:55) ~[authlib-3.11.49.jar:?]
	at com.mojang.authlib.yggdrasil.YggdrasilAuthenticationService.createUserApiService(YggdrasilAuthenticationService.java:161) ~[authlib-3.11.49.jar:?]
	at net.minecraft.client.MinecraftClient.createUserApiService(MinecraftClient.java:709) [minecraft-clientonly-project-root-1.19.2-net.fabricmc.yarn.1_19_2.1.19.2+build.28-v2.jar:?]
	at net.minecraft.client.MinecraftClient.<init>(MinecraftClient.java:513) [minecraft-clientonly-project-root-1.19.2-net.fabricmc.yarn.1_19_2.1.19.2+build.28-v2.jar:?]
	at net.minecraft.client.main.Main.main(Main.java:181) [minecraft-clientonly-project-root-1.19.2-net.fabricmc.yarn.1_19_2.1.19.2+build.28-v2.jar:?]
	at net.minecraft.client.main.Main.main(Main.java:53) [minecraft-clientonly-project-root-1.19.2-net.fabricmc.yarn.1_19_2.1.19.2+build.28-v2.jar:?]
	at net.fabricmc.loader.impl.game.minecraft.MinecraftGameProvider.launch(MinecraftGameProvider.java:461) [fabric-loader-0.14.13.jar:?]
	at net.fabricmc.loader.impl.launch.knot.Knot.launch(Knot.java:74) [fabric-loader-0.14.13.jar:?]
	at net.fabricmc.loader.impl.launch.knot.KnotClient.main(KnotClient.java:23) [fabric-loader-0.14.13.jar:?]
	at net.fabricmc.devlaunchinjector.Main.main(Main.java:86) [dev-launch-injector-0.2.1+build.8.jar:?]
Caused by: com.mojang.authlib.exceptions.MinecraftClientHttpException: Status: 401
	at com.mojang.authlib.minecraft.client.MinecraftClient.readInputStream(MinecraftClient.java:85) ~[authlib-3.11.49.jar:?]
	at com.mojang.authlib.minecraft.client.MinecraftClient.get(MinecraftClient.java:48) ~[authlib-3.11.49.jar:?]
	at com.mojang.authlib.yggdrasil.YggdrasilUserApiService.fetchProperties(YggdrasilUserApiService.java:129) ~[authlib-3.11.49.jar:?]
	... 10 more
[19:35:18] [Render thread/INFO] (Minecraft) Setting user: Player52
[19:35:18] [Render thread/INFO] (Indigo) [Indigo] Registering Indigo renderer!
[19:35:19] [Render thread/INFO] (Minecraft) Backend library: LWJGL version 3.3.1 SNAPSHOT
[19:35:22] [Worker-Main-16/ERROR] (Minecraft) Failed to retrieve profile key pair
java.io.IOException: Could not retrieve profile key pair
	at net.minecraft.client.util.ProfileKeys.fetchKeyPair(ProfileKeys.java:173) ~[minecraft-clientonly-project-root-1.19.2-net.fabricmc.yarn.1_19_2.1.19.2+build.28-v2.jar:?]
	at net.minecraft.client.util.ProfileKeys.method_44291(ProfileKeys.java:77) ~[minecraft-clientonly-project-root-1.19.2-net.fabricmc.yarn.1_19_2.1.19.2+build.28-v2.jar:?]
	at java.util.concurrent.CompletableFuture$AsyncSupply.run(CompletableFuture.java:1768) [?:?]
	at java.util.concurrent.CompletableFuture$AsyncSupply.exec(CompletableFuture.java:1760) [?:?]
	at java.util.concurrent.ForkJoinTask.doExec(ForkJoinTask.java:387) [?:?]
	at java.util.concurrent.ForkJoinPool$WorkQueue.topLevelExec(ForkJoinPool.java:1311) [?:?]
	at java.util.concurrent.ForkJoinPool.scan(ForkJoinPool.java:1840) [?:?]
	at java.util.concurrent.ForkJoinPool.runWorker(ForkJoinPool.java:1806) [?:?]
	at java.util.concurrent.ForkJoinWorkerThread.run(ForkJoinWorkerThread.java:177) [?:?]
[19:35:22] [Render thread/INFO] (Minecraft) Narrator library for x64 successfully loaded
[19:35:22] [Render thread/INFO] (Minecraft) Reloading ResourceManager: Default, Fabric Mods (Fabric Models (v0), Fabric Key Binding API (v1), Fabric Renderer - Indigo, Fabric Biome API (v1), MTA Station Parts, Fabric Item Groups (v0), Fabric Content Registries (v0), Fabric Mining Level API (v1), Fabric Particles (v1), Fabric BlockRenderLayer Registration (v1), Fabric Networking API (v1), Fabric Registry Sync (v0), Fabric Screen API (v1), Fabric Client Tags, Fabric Textures (v0), Fabric Data Generation API (v1), Fabric Events Interaction (v0), Fabric API, Fabric Item API (v1), Fabric Loader, Fabric Rendering Data Attachment (v1), Fabric Crash Report Info (v1), Fabric Message API (v1), Fabric Rendering (v1), Fabric Resource Conditions API (v1), Fabric API Base, Fabric Rendering Fluids (v1), Fabric Renderer API (v1), Fabric Convention Tags, Fabric Sound API (v1), Fabric Transfer API (v1), Fabric Object Builder API (v1), Fabric Resource Loader (v0), Fabric Lifecycle Events (v1), Fabric Transitive Access Wideners (v1), Fabric Entity Events (v1), Fabric Dimensions API (v1), Fabric Recipe API (v1), Fabric Game Rule API (v1), Fabric API Lookup API (v1), Fabric Screen Handler API (v1), Fabric Loot API (v2), Fabric Block API (v1), Fabric Command API (v2), Fabric Game Test API (v1))
[19:35:23] [Realms Notification Availability checker #1/INFO] (Minecraft) Could not authorize you against Realms server: Invalid session id
[19:35:24] [Worker-Main-20/WARN] (Minecraft) Unable to resolve texture reference: #missing in mtapack:item/metrocard
[19:35:24] [Worker-Main-18/ERROR] (Minecraft) Using missing texture, file mtapack:textures/mtalogo.png not found
[19:35:24] [Worker-Main-20/WARN] (Minecraft) Texture mtapack:item/metrocard with size 612x389 limits mip level from 4 to 0
[19:35:24] [Worker-Main-20/WARN] (Minecraft) minecraft:textures/atlas/blocks.png: dropping miplevel from 4 to 0, because of minimum power of two: 1
[19:35:25] [Render thread/WARN] (Minecraft) Missing sound for event: minecraft:item.goat_horn.play
[19:35:25] [Render thread/WARN] (Minecraft) Missing sound for event: minecraft:entity.goat.screaming.horn_break
[19:35:25] [Render thread/INFO] (Minecraft) OpenAL initialized on device OpenAL Soft on Speakers (Realtek(R) Audio)
[19:35:25] [Render thread/INFO] (Minecraft) Sound engine started
[19:35:25] [Render thread/INFO] (Minecraft) Created: 2048x1024x0 minecraft:textures/atlas/blocks.png-atlas
[19:35:25] [Render thread/INFO] (Minecraft) Created: 256x128x4 minecraft:textures/atlas/signs.png-atlas
[19:35:25] [Render thread/INFO] (Minecraft) Created: 1024x512x4 minecraft:textures/atlas/banner_patterns.png-atlas
[19:35:25] [Render thread/INFO] (Minecraft) Created: 1024x512x4 minecraft:textures/atlas/shield_patterns.png-atlas
[19:35:25] [Render thread/INFO] (Minecraft) Created: 256x256x4 minecraft:textures/atlas/chest.png-atlas
[19:35:25] [Render thread/INFO] (Minecraft) Created: 512x256x4 minecraft:textures/atlas/beds.png-atlas
[19:35:25] [Render thread/INFO] (Minecraft) Created: 512x256x4 minecraft:textures/atlas/shulker_boxes.png-atlas
[19:35:26] [Render thread/WARN] (Minecraft) Shader rendertype_entity_translucent_emissive could not find sampler named Sampler2 in the specified shader program.
[19:35:26] [Render thread/INFO] (Minecraft) Created: 512x256x0 minecraft:textures/atlas/particles.png-atlas
[19:35:26] [Render thread/INFO] (Minecraft) Created: 256x256x0 minecraft:textures/atlas/paintings.png-atlas
[19:35:26] [Render thread/INFO] (Minecraft) Created: 256x128x0 minecraft:textures/atlas/mob_effects.png-atlas
[19:35:32] [Render thread/INFO] (Minecraft) Loaded 7 recipes
[19:35:32] [Render thread/INFO] (Minecraft) Loaded 1179 advancements
[19:35:33] [Worker-Main-29/ERROR] (Minecraft) Failed to retrieve profile key pair
java.io.IOException: Could not retrieve profile key pair
	at net.minecraft.client.util.ProfileKeys.fetchKeyPair(ProfileKeys.java:173) ~[minecraft-clientonly-project-root-1.19.2-net.fabricmc.yarn.1_19_2.1.19.2+build.28-v2.jar:?]
	at net.minecraft.client.util.ProfileKeys.method_44291(ProfileKeys.java:77) ~[minecraft-clientonly-project-root-1.19.2-net.fabricmc.yarn.1_19_2.1.19.2+build.28-v2.jar:?]
	at java.util.concurrent.CompletableFuture$AsyncSupply.run(CompletableFuture.java:1768) [?:?]
	at java.util.concurrent.CompletableFuture$AsyncSupply.exec(CompletableFuture.java:1760) [?:?]
	at java.util.concurrent.ForkJoinTask.doExec(ForkJoinTask.java:387) [?:?]
	at java.util.concurrent.ForkJoinPool$WorkQueue.topLevelExec(ForkJoinPool.java:1311) [?:?]
	at java.util.concurrent.ForkJoinPool.scan(ForkJoinPool.java:1840) [?:?]
	at java.util.concurrent.ForkJoinPool.runWorker(ForkJoinPool.java:1806) [?:?]
	at java.util.concurrent.ForkJoinWorkerThread.run(ForkJoinWorkerThread.java:177) [?:?]
[19:35:33] [Render thread/INFO] (BiomeModificationImpl) Applied 0 biome modifications to 0 of 63 new biomes in 3.795 ms
[19:35:33] [Server thread/INFO] (Minecraft) Starting integrated minecraft server version 1.19.2
[19:35:33] [Server thread/INFO] (Minecraft) Generating keypair
[19:35:34] [Server thread/INFO] (Minecraft) Preparing start region for dimension minecraft:overworld
[19:35:36] [Worker-Bootstrap-2/INFO] (Minecraft) 4283 Datafixer optimizations took 22083 milliseconds
[19:35:36] [Render thread/INFO] (Minecraft) Preparing spawn area: 0%
[19:35:36] [Render thread/INFO] (Minecraft) Preparing spawn area: 0%
[19:35:36] [Render thread/INFO] (Minecraft) Preparing spawn area: 0%
[19:35:36] [Render thread/INFO] (Minecraft) Preparing spawn area: 0%
[19:35:36] [Render thread/INFO] (Minecraft) Preparing spawn area: 0%
[19:35:36] [Render thread/INFO] (Minecraft) Preparing spawn area: 0%
[19:35:37] [Render thread/INFO] (Minecraft) Preparing spawn area: 0%
[19:35:37] [Render thread/INFO] (Minecraft) Preparing spawn area: 47%
[19:35:38] [Render thread/INFO] (Minecraft) Time elapsed: 3623 ms
[19:35:38] [Server thread/INFO] (Minecraft) Changing view distance to 16, from 10
[19:35:38] [Server thread/INFO] (Minecraft) Changing simulation distance to 12, from 0
[19:35:38] [Server thread/INFO] (Minecraft) Player52[local:E:e56917c0] logged in with entity id 177 at (-21.261883622297447, 63.0, 28.459607343399618)
[19:35:38] [Server thread/INFO] (Minecraft) Player52 joined the game
[19:35:39] [Render thread/INFO] (Minecraft) Loaded 19 advancements
[19:36:07] [Server thread/INFO] (Minecraft) Saving and pausing game...
[19:36:07] [Server thread/INFO] (Minecraft) Saving chunks for level 'ServerLevel[Testing]'/minecraft:overworld
[19:36:07] [Server thread/INFO] (Minecraft) Saving chunks for level 'ServerLevel[Testing]'/minecraft:the_nether
[19:36:07] [Server thread/INFO] (Minecraft) Saving chunks for level 'ServerLevel[Testing]'/minecraft:the_end
[19:36:07] [Server thread/INFO] (Minecraft) Player52 lost connection: Disconnected
[19:36:07] [Server thread/INFO] (Minecraft) Player52 left the game
[19:36:07] [Server thread/INFO] (Minecraft) Stopping singleplayer server as player logged out
[19:36:07] [Server thread/INFO] (Minecraft) Stopping server
[19:36:07] [Server thread/INFO] (Minecraft) Saving players
[19:36:07] [Server thread/INFO] (Minecraft) Saving worlds
[19:36:08] [Server thread/INFO] (Minecraft) Saving chunks for level 'ServerLevel[Testing]'/minecraft:overworld
[19:36:08] [Server thread/INFO] (Minecraft) Saving chunks for level 'ServerLevel[Testing]'/minecraft:the_nether
[19:36:08] [Server thread/INFO] (Minecraft) Saving chunks for level 'ServerLevel[Testing]'/minecraft:the_end
[19:36:08] [Server thread/INFO] (Minecraft) ThreadedAnvilChunkStorage (Testing): All chunks are saved
[19:36:08] [Server thread/INFO] (Minecraft) ThreadedAnvilChunkStorage (DIM-1): All chunks are saved
[19:36:08] [Server thread/INFO] (Minecraft) ThreadedAnvilChunkStorage (DIM1): All chunks are saved
[19:36:08] [Server thread/INFO] (Minecraft) ThreadedAnvilChunkStorage: All dimensions are saved
[19:36:10] [Render thread/INFO] (Minecraft) Stopping!
